19:46:59.872 [main                     ] DEBUG Logger               - Configured Logger
19:46:59.894 [main                     ] DEBUG GameApplication      - Logging settings
Title: Untitled
Version: 0.0
Width: 800
Height: 600
Fullscreen: true
Intro: false
Profiling: false
Single step:false
App Mode: DEVELOPER
Menu Key: ESCAPE
Stage Style: DECORATED
Scene Factory: class com.almasb.fxgl.app.scene.SceneFactory

19:47:00.224 [JavaFX Application Thread] DEBUG FXGLApplication      - Initializing FXGL
19:47:00.229 [JavaFX Application Thread] INFO  Engine               - FXGL-17.2 (20.08.2022 16.54) on WINDOWS (J:18.0.1.1 FX:18)
19:47:00.229 [JavaFX Application Thread] DEBUG Engine               - JRE Vendor Name: Oracle Corporation
19:47:00.230 [JavaFX Application Thread] DEBUG Engine               - Running on OS: Windows 11 version 10.0
19:47:00.230 [JavaFX Application Thread] DEBUG Engine               - Architecture: amd64
19:47:00.230 [JavaFX Application Thread] INFO  Engine               - Source code and latest versions at: https://github.com/AlmasB/FXGL
19:47:00.230 [JavaFX Application Thread] INFO  Engine               -       Ask questions and discuss at: https://github.com/AlmasB/FXGL/discussions
19:47:00.230 [JavaFX Application Thread] INFO  Engine               -              Join the FXGL chat at: https://gitter.im/AlmasB/FXGL
19:47:00.316 [JavaFX Application Thread] DEBUG PrimaryStageWindow   - Creating a JavaFX scene
19:47:00.350 [JavaFX Application Thread] DEBUG PrimaryStageWindow   - Target settings size: 800.0 x 600.0
19:47:00.350 [JavaFX Application Thread] DEBUG PrimaryStageWindow   - Scaled scene size:    800.0 x 600.0
19:47:00.350 [JavaFX Application Thread] DEBUG PrimaryStageWindow   - Scaled ratio: (1.0, 1.0)
19:47:00.351 [JavaFX Application Thread] DEBUG PrimaryStageWindow   - Set initial scene to FXGLStartupScene
19:47:00.359 [JavaFX Application Thread] DEBUG PrimaryStageWindow   - Opening main window
19:47:00.432 [JavaFX Application Thread] DEBUG PrimaryStageWindow   - Window border size: (16.0, 39.0)
19:47:00.432 [JavaFX Application Thread] DEBUG PrimaryStageWindow   - Scaled size: 800.0 x 600.0
19:47:00.432 [JavaFX Application Thread] DEBUG PrimaryStageWindow   - Scaled ratio: (1.0, 1.0)
19:47:00.433 [JavaFX Application Thread] DEBUG PrimaryStageWindow   - Scene size: 800.0 x 600.0
19:47:00.433 [JavaFX Application Thread] DEBUG PrimaryStageWindow   - Stage size: 816.0 x 639.0
19:47:00.470 [JavaFX Application Thread] DEBUG PrimaryStageWindow   - Going fullscreen
19:47:00.475 [FXGL Background Thread 1 ] DEBUG Engine               - Initializing environment variables
19:47:00.517 [FXGL Background Thread 1 ] DEBUG FXGLAssetLoaderServi - User app class for loading assets: class Game
19:47:00.517 [FXGL Background Thread 1 ] DEBUG GameApplicationServi - Applying CSS: fxgl_dark.css
19:47:00.518 [FXGL Background Thread 1 ] DEBUG FXGLAssetLoaderServi - Loading from file system: jar:file:/D:/Programme/github/Gioco-d-Azzardo/fxgl-17.2-uber.jar!/fxglassets/ui/css/fxgl_dark.css
19:47:00.553 [FXGL Background Thread 1 ] DEBUG GameApplicationServi - Initializing application scenes
19:47:00.598 [FXGL Background Thread 1 ] DEBUG GameWorld            - Game world initialized
19:47:00.659 [FXGL Background Thread 1 ] DEBUG PhysicsWorld         - Physics world initialized: appHeight=600, physics.ppm=50,0
19:47:00.659 [FXGL Background Thread 1 ] DEBUG PhysicsWorld         - Using strategy: BRUTE_FORCE
19:47:00.667 [FXGL Background Thread 1 ] DEBUG GameScene            - Game scene initialized: 800x600
19:47:00.667 [FXGL Background Thread 1 ] DEBUG GameApplicationServi - Application scenes initialized
19:47:00.687 [FXGL Background Thread 1 ] DEBUG SystemBundleService  - Loading FXGL system data
19:47:00.691 [FXGL Background Thread 1 ] DEBUG FileSystemAccess     - Reading from: D:\Programme\github\Gioco-d-Azzardo\system\fxgl.bundle
19:47:00.700 [FXGL Background Thread 1 ] DEBUG SystemBundleService  - Bundle FXGL: {}
19:47:00.700 [FXGL Background Thread 1 ] DEBUG UpdaterService       - Checking for updates
19:47:00.707 [FXGL Background Thread 4 ] DEBUG FXGLApplication      - Loading fonts
19:47:00.708 [FXGL Background Thread 4 ] DEBUG FXGLAssetLoaderServi - Loading from file system: jar:file:/D:/Programme/github/Gioco-d-Azzardo/fxgl-17.2-uber.jar!/fxglassets/ui/fonts/VarelaRound-Regular.ttf
19:47:00.708 [FXGL Background Thread 1 ] DEBUG FXGLApplication      - Loading default localization
19:47:00.709 [FXGL Background Thread 1 ] DEBUG FXGLAssetLoaderServi - Loading from file system: jar:file:/D:/Programme/github/Gioco-d-Azzardo/fxgl-17.2-uber.jar!/fxglassets/languages/english.lang
19:47:00.763 [FXGL Background Thread 4 ] DEBUG FXGLAssetLoaderServi - Loading from file system: jar:file:/D:/Programme/github/Gioco-d-Azzardo/fxgl-17.2-uber.jar!/fxglassets/ui/fonts/Abel-Regular.ttf
19:47:00.766 [FXGL Background Thread 4 ] DEBUG FXGLAssetLoaderServi - Loading from file system: jar:file:/D:/Programme/github/Gioco-d-Azzardo/fxgl-17.2-uber.jar!/fxglassets/ui/fonts/TerminalLandMono-Regular.otf
19:47:00.769 [FXGL Background Thread 4 ] DEBUG FXGLAssetLoaderServi - Loading from file system: jar:file:/D:/Programme/github/Gioco-d-Azzardo/fxgl-17.2-uber.jar!/fxglassets/ui/fonts/Courier-Prime.ttf
19:47:00.770 [FXGL Background Thread 1 ] INFO  FXGLApplication      - FXGL initialization took: 0,295 sec
19:47:00.772 [JavaFX Application Thread] DEBUG FXGLAssetLoaderServi - Loading from file system: jar:file:/D:/Programme/github/Gioco-d-Azzardo/fxgl-17.2-uber.jar!/fxglassets/textures/fxgl_icon.png
19:47:00.823 [JavaFX Application Thread] DEBUG FXGLAssetLoaderServi - Loading from file system: jar:file:/D:/Programme/github/Gioco-d-Azzardo/fxgl-17.2-uber.jar!/fxglassets/textures/fxgl_default_cursor.png
19:47:00.832 [JavaFX Application Thread] DEBUG Input                - Registered new binding: Screenshot - CTRL+8
19:47:00.833 [JavaFX Application Thread] DEBUG Input                - Registered new binding: System info dump - CTRL+9
19:47:00.833 [JavaFX Application Thread] DEBUG Input                - Registered new binding: Restart - CTRL+R
19:47:00.834 [JavaFX Application Thread] DEBUG Input                - Registered new binding: Toggle Debug Camera - CTRL+7
19:47:00.836 [JavaFX Application Thread] DEBUG LoopRunner           - Starting loop
19:47:00.836 [JavaFX Application Thread] DEBUG LoopRunner           - Initializing JavaFX AnimationTimerLoop
19:47:00.837 [JavaFX Application Thread] DEBUG GameApplicationServi - Starting new game
19:47:00.838 [JavaFX Application Thread] DEBUG Input                - Clearing active input actions
19:47:00.850 [JavaFX Application Thread] DEBUG GameApplicationServi - Removing overlay from FXGLStartupScene and adding to FXGLLoadingScene
19:47:00.851 [JavaFX Application Thread] DEBUG PrimaryStageWindow   - FXGLStartupScene -> FXGLLoadingScene
19:47:00.851 [JavaFX Application Thread] DEBUG GameApplicationServi - Clearing previous game
19:47:00.851 [JavaFX Application Thread] DEBUG GameScene            - Clearing game scene
19:47:00.851 [JavaFX Application Thread] DEBUG GameWorld            - Clearing game world
19:47:00.851 [JavaFX Application Thread] DEBUG PhysicsWorld         - Clearing physics world
19:47:00.855 [FXGL Background Thread 4 ] DEBUG FXGLApplication      - Initializing game
19:47:00.857 [JavaFX Application Thread] DEBUG FXGLApplication      - Registering font factories with UI factory
19:47:00.860 [FXGL Background Thread 4 ] DEBUG FXGLAssetLoaderServi - Loading from file system: file:/C:/Users/andre/AppData/Roaming/Code/User/workspaceStorage/824d0215f605aa8e050d1c1d9b28636b/redhat.java/jdt_ws/Gioco-d-Azzardo_f6933fa0/bin/assets/textures/casino.png
19:47:00.975 [FXGL Background Thread 4 ] INFO  FXGLApplication      - Game initialization took: 0,120 sec
19:47:00.985 [JavaFX Application Thread] DEBUG Input                - Clearing active input actions
19:47:00.993 [JavaFX Application Thread] DEBUG GameApplicationServi - Removing overlay from FXGLLoadingScene and adding to GameScene
19:47:00.994 [JavaFX Application Thread] DEBUG PrimaryStageWindow   - FXGLLoadingScene -> GameScene
19:47:03.094 [JavaFX Application Thread] DEBUG FXGLApplication      - Exiting FXGL
19:47:03.094 [JavaFX Application Thread] DEBUG LoopRunner           - Stopping loop
19:47:03.094 [JavaFX Application Thread] DEBUG SystemBundleService  - Saving FXGL system data
19:47:03.095 [JavaFX Application Thread] DEBUG FileSystemAccess     - Writing to: D:\Programme\github\Gioco-d-Azzardo\system\fxgl.bundle
19:47:03.097 [JavaFX Application Thread] DEBUG Async                - Shutting down background threads
19:47:03.097 [JavaFX Application Thread] DEBUG PrimaryStageWindow   - Closing main window
19:47:03.127 [JavaFX Application Thread] DEBUG Logger               - Closing Logger
